<?xml version="1.0" encoding="UTF-8"?>
<!-- Generated by org.testng.reporters.JUnitXMLReporter -->
<testsuite hostname="KiLLeR-PC" ignored="0" name="firefox" tests="1" failures="0" timestamp="16 Jun 2020 08:52:30 GMT" time="28.95" errors="0">
  <testcase name="@BeforeTest base" time="28.803" classname="ResponsiveLayout.VTigerLoginPage">
    <failure type="org.openqa.selenium.SessionNotCreatedException" message="Unable to create new remote session. desired capabilities = Capabilities [{marionette=true, firefoxOptions=org.openqa.selenium.firefox.FirefoxOptions@30afc011, browserName=firefox, moz:firefoxOptions=org.openqa.selenium.firefox.FirefoxOptions@30afc011, version=, platform=ANY}], required capabilities = Capabilities [{}]
Build info: version: &amp;apos;3.0.1&amp;apos;, revision: &amp;apos;1969d75&amp;apos;, time: &amp;apos;2016-10-18 09:49:13 -0700&amp;apos;
System info: host: &amp;apos;KiLLeR-PC&amp;apos;, ip: &amp;apos;192.168.8.100&amp;apos;, os.name: &amp;apos;Windows 8.1&amp;apos;, os.arch: &amp;apos;amd64&amp;apos;, os.version: &amp;apos;6.3&amp;apos;, java.version: &amp;apos;1.8.0_144&amp;apos;
Driver info: driver.version: FirefoxDriver">
      <![CDATA[org.openqa.selenium.SessionNotCreatedException: Unable to create new remote session. desired capabilities = Capabilities [{marionette=true, firefoxOptions=org.openqa.selenium.firefox.FirefoxOptions@30afc011, browserName=firefox, moz:firefoxOptions=org.openqa.selenium.firefox.FirefoxOptions@30afc011, version=, platform=ANY}], required capabilities = Capabilities [{}]
Build info: version: '3.0.1', revision: '1969d75', time: '2016-10-18 09:49:13 -0700'
System info: host: 'KiLLeR-PC', ip: '192.168.8.100', os.name: 'Windows 8.1', os.arch: 'amd64', os.version: '6.3', java.version: '1.8.0_144'
Driver info: driver.version: FirefoxDriver
at org.openqa.selenium.remote.ProtocolHandshake.createSession(ProtocolHandshake.java:91)
at org.openqa.selenium.remote.HttpCommandExecutor.execute(HttpCommandExecutor.java:141)
at org.openqa.selenium.remote.service.DriverCommandExecutor.execute(DriverCommandExecutor.java:82)
at org.openqa.selenium.remote.RemoteWebDriver.execute(RemoteWebDriver.java:601)
at org.openqa.selenium.remote.RemoteWebDriver.startSession(RemoteWebDriver.java:241)
at org.openqa.selenium.remote.RemoteWebDriver.<init>(RemoteWebDriver.java:128)
at org.openqa.selenium.firefox.FirefoxDriver.<init>(FirefoxDriver.java:259)
at org.openqa.selenium.firefox.FirefoxDriver.<init>(FirefoxDriver.java:247)
at org.openqa.selenium.firefox.FirefoxDriver.<init>(FirefoxDriver.java:242)
at org.openqa.selenium.firefox.FirefoxDriver.<init>(FirefoxDriver.java:238)
at org.openqa.selenium.firefox.FirefoxDriver.<init>(FirefoxDriver.java:127)
at ResponsiveLayout.VTigerLoginPage.base(VTigerLoginPage.java:35)
at java.util.concurrent.FutureTask.run(Unknown Source)
at java.util.concurrent.ThreadPoolExecutor.runWorker(Unknown Source)
at java.util.concurrent.ThreadPoolExecutor$Worker.run(Unknown Source)
at java.lang.Thread.run(Unknown Source)
... Removed 15 stack frames]]>
    </failure>
  </testcase> <!-- @BeforeTest base -->
  <testcase name="@AfterTest tearDown" time="0.0" classname="ResponsiveLayout.VTigerLoginPage">
    <skipped/>
  </testcase> <!-- @AfterTest tearDown -->
  <testcase name="Login" time="0.0" classname="ResponsiveLayout.VTigerLoginPage">
    <skipped/>
  </testcase> <!-- Login -->
</testsuite> <!-- firefox -->
