<?xml version="1.0" encoding="UTF-8"?>
<!-- Generated by org.testng.reporters.JUnitXMLReporter -->
<testsuite hostname="KiLLeR-PC" ignored="0" name="Test" tests="1" failures="1" timestamp="16 Jun 2020 06:45:52 GMT" time="40.461" errors="0">
  <testcase name="Login" time="6.393" classname="ResponsiveLayout.VTigerLoginPage">
    <failure type="java.lang.AssertionError" message="Layout Test Failed :  expected [0] but found [9]">
      <![CDATA[java.lang.AssertionError: Layout Test Failed :  expected [0] but found [9]
at ResponsiveLayout.VTigerLoginPage.Login(VTigerLoginPage.java:60)
... Removed 30 stack frames]]>
    </failure>
  </testcase> <!-- Login -->
</testsuite> <!-- Test -->
