<?xml version="1.0" encoding="UTF-8"?>
<testsuite name="TestSuite" time="50.229" tests="8" errors="0" skipped="0" failures="5">
  <properties>
[...]
</properties>
  <testcase name="Login" classname="ResponsiveLayout.UserManagerGrid" time="3.54">
    <failure message="Layout Test Failed :  expected [0] but found [11]" type="java.lang.AssertionError">java.lang.AssertionError: Layout Test Failed :  expected [0] but found [11]
	at org.testng.Assert.fail(Assert.java:96)
	at org.testng.Assert.failNotEquals(Assert.java:776)
	at org.testng.Assert.assertEqualsImpl(Assert.java:137)
	at org.testng.Assert.assertEquals(Assert.java:118)
	at org.testng.Assert.assertEquals(Assert.java:652)
	at ResponsiveLayout.UserManagerGrid.Login(UserManagerGrid.java:68)
</failure>
    <system-err><![CDATA[Starting ChromeDriver 2.40.565498 (ea082db3280dd6843ebfb08a625e3eb905c4f5ab) on port 29311
Only local connections are allowed.
Aug 10, 2018 2:44:53 PM org.openqa.selenium.remote.ProtocolHandshake createSession
INFO: Attempting bi-dialect session, assuming Postel's Law holds true on the remote end
Aug 10, 2018 2:44:55 PM org.openqa.selenium.remote.ProtocolHandshake createSession
INFO: Detected dialect: OSS
]]></system-err>
  </testcase>
  <testcase name="User" classname="ResponsiveLayout.UserManagerGrid" time="17.721"/>
  <testcase name="UserGrid" classname="ResponsiveLayout.UserManagerGrid" time="3.443">
    <failure message="Layout Test Failed :  expected [0] but found [18]" type="java.lang.AssertionError">java.lang.AssertionError: Layout Test Failed :  expected [0] but found [18]
	at org.testng.Assert.fail(Assert.java:96)
	at org.testng.Assert.failNotEquals(Assert.java:776)
	at org.testng.Assert.assertEqualsImpl(Assert.java:137)
	at org.testng.Assert.assertEquals(Assert.java:118)
	at org.testng.Assert.assertEquals(Assert.java:652)
	at ResponsiveLayout.UserManagerGrid.UserGrid(UserManagerGrid.java:118)
</failure>
  </testcase>
  <testcase name="Subcription" classname="ResponsiveLayout.UserManagerGrid" time="8.442"/>
  <testcase name="SubcriptionTierLayout" classname="ResponsiveLayout.UserManagerGrid" time="2.214">
    <failure message="Layout Test Failed :  expected [0] but found [9]" type="java.lang.AssertionError">java.lang.AssertionError: Layout Test Failed :  expected [0] but found [9]
	at org.testng.Assert.fail(Assert.java:96)
	at org.testng.Assert.failNotEquals(Assert.java:776)
	at org.testng.Assert.assertEqualsImpl(Assert.java:137)
	at org.testng.Assert.assertEquals(Assert.java:118)
	at org.testng.Assert.assertEquals(Assert.java:652)
	at ResponsiveLayout.UserManagerGrid.SubcriptionTierLayout(UserManagerGrid.java:155)
</failure>
  </testcase>
  <testcase name="Addsubcription" classname="ResponsiveLayout.UserManagerGrid" time="8.116"/>
  <testcase name="SubcriptionTierAdd" classname="ResponsiveLayout.UserManagerGrid" time="2.853">
    <failure message="Layout Test Failed :  expected [0] but found [13]" type="java.lang.AssertionError">java.lang.AssertionError: Layout Test Failed :  expected [0] but found [13]
	at org.testng.Assert.fail(Assert.java:96)
	at org.testng.Assert.failNotEquals(Assert.java:776)
	at org.testng.Assert.assertEqualsImpl(Assert.java:137)
	at org.testng.Assert.assertEquals(Assert.java:118)
	at org.testng.Assert.assertEquals(Assert.java:652)
	at ResponsiveLayout.UserManagerGrid.SubcriptionTierAdd(UserManagerGrid.java:192)
</failure>
  </testcase>
  <testcase name="tearDown" classname="ResponsiveLayout.UserManagerGrid" time="3.9">
    <failure message="C:\Users\Admin\AppData\Local\Temp\jna-63116079\jna4605368299115976616.dll: Access is denied" type="java.lang.UnsatisfiedLinkError"><![CDATA[java.lang.UnsatisfiedLinkError: C:\Users\Admin\AppData\Local\Temp\jna-63116079\jna4605368299115976616.dll: Access is denied
	at java.lang.ClassLoader$NativeLibrary.load(Native Method)
	at java.lang.ClassLoader.loadLibrary0(ClassLoader.java:1941)
	at java.lang.ClassLoader.loadLibrary(ClassLoader.java:1824)
	at java.lang.Runtime.load0(Runtime.java:809)
	at java.lang.System.load(System.java:1086)
	at com.sun.jna.Native.loadNativeDispatchLibraryFromClasspath(Native.java:761)
	at com.sun.jna.Native.loadNativeDispatchLibrary(Native.java:736)
	at com.sun.jna.Native.<clinit>(Native.java:131)
	at org.openqa.selenium.os.Kernel32.<clinit>(Kernel32.java:34)
	at org.openqa.selenium.os.ProcessUtils.getProcessId(ProcessUtils.java:184)
	at org.openqa.selenium.os.ProcessUtils.killWinProcess(ProcessUtils.java:128)
	at org.openqa.selenium.os.ProcessUtils.killProcess(ProcessUtils.java:81)
	at org.openqa.selenium.os.UnixProcess$SeleniumWatchDog.destroyHarder(UnixProcess.java:254)
	at org.openqa.selenium.os.UnixProcess$SeleniumWatchDog.access$200(UnixProcess.java:208)
	at org.openqa.selenium.os.UnixProcess.destroy(UnixProcess.java:125)
	at org.openqa.selenium.os.CommandLine.destroy(CommandLine.java:155)
	at org.openqa.selenium.remote.service.DriverService.stop(DriverService.java:196)
	at org.openqa.selenium.remote.service.DriverCommandExecutor.execute(DriverCommandExecutor.java:94)
	at org.openqa.selenium.remote.RemoteWebDriver.execute(RemoteWebDriver.java:601)
	at org.openqa.selenium.remote.RemoteWebDriver.execute(RemoteWebDriver.java:658)
	at org.openqa.selenium.remote.RemoteWebDriver.quit(RemoteWebDriver.java:497)
	at ResponsiveLayout.UserManagerGrid.tearDown(UserManagerGrid.java:199)
]]></failure>
  </testcase>
</testsuite>